<?xml version="1.0" encoding="UTF-8"?>
<!-- Generated by org.testng.reporters.JUnitReportReporter -->
<testsuite skipped="0" hostname="nadsoft34" name="registration.dailytest" tests="1" failures="0" timestamp="16 Jul 2018 06:03:46 GMT" time="2.028" errors="0">
  <testcase name="script" time="2.028" classname="registration.dailytest"/>
</testsuite> <!-- registration.dailytest -->
