<?xml version="1.0" encoding="UTF-8"?>
<!-- Generated by org.testng.reporters.JUnitReportReporter -->
<testsuite skipped="0" hostname="nadsoft34" name="registration.newreg" tests="1" failures="0" timestamp="02 Jul 2018 10:23:12 GMT" time="163.202" errors="0">
  <testcase name="testScript" time="163.202" classname="registration.newreg"/>
</testsuite> <!-- registration.newreg -->
