<?xml version="1.0" encoding="UTF-8"?>
<!-- Generated by org.testng.reporters.JUnitReportReporter -->
<testsuite skipped="0" hostname="nadsoft34" name="registration.dailytest" tests="1" failures="0" timestamp="17 Jul 2018 15:00:34 GMT" time="96.454" errors="0">
  <testcase name="script" time="96.454" classname="registration.dailytest"/>
</testsuite> <!-- registration.dailytest -->
